mode: set
github.com/bruno-holanda15/go_expert_fc/APIs_project/configs/config.go:21.45,31.16 8 0
github.com/bruno-holanda15/go_expert_fc/APIs_project/configs/config.go:31.16,32.13 1 0
github.com/bruno-holanda15/go_expert_fc/APIs_project/configs/config.go:35.2,36.16 2 0
github.com/bruno-holanda15/go_expert_fc/APIs_project/configs/config.go:36.16,37.13 1 0
github.com/bruno-holanda15/go_expert_fc/APIs_project/configs/config.go:40.2,42.17 2 0
github.com/bruno-holanda15/go_expert_fc/APIs_project/cmd/server/main.go:5.13,8.2 2 0
github.com/bruno-holanda15/go_expert_fc/APIs_project/internal/entity/product.go:25.59,26.16 1 1
github.com/bruno-holanda15/go_expert_fc/APIs_project/internal/entity/product.go:26.16,28.3 1 1
github.com/bruno-holanda15/go_expert_fc/APIs_project/internal/entity/product.go:30.2,30.16 1 1
github.com/bruno-holanda15/go_expert_fc/APIs_project/internal/entity/product.go:30.16,32.3 1 1
github.com/bruno-holanda15/go_expert_fc/APIs_project/internal/entity/product.go:34.2,41.43 2 1
github.com/bruno-holanda15/go_expert_fc/APIs_project/internal/entity/product.go:41.43,43.3 1 0
github.com/bruno-holanda15/go_expert_fc/APIs_project/internal/entity/product.go:45.2,45.21 1 1
github.com/bruno-holanda15/go_expert_fc/APIs_project/internal/entity/product.go:48.36,49.25 1 1
github.com/bruno-holanda15/go_expert_fc/APIs_project/internal/entity/product.go:49.25,51.3 1 0
github.com/bruno-holanda15/go_expert_fc/APIs_project/internal/entity/product.go:53.2,53.57 1 1
github.com/bruno-holanda15/go_expert_fc/APIs_project/internal/entity/product.go:53.57,55.3 1 0
github.com/bruno-holanda15/go_expert_fc/APIs_project/internal/entity/product.go:57.2,57.18 1 1
github.com/bruno-holanda15/go_expert_fc/APIs_project/internal/entity/product.go:57.18,59.3 1 0
github.com/bruno-holanda15/go_expert_fc/APIs_project/internal/entity/product.go:61.2,61.18 1 1
github.com/bruno-holanda15/go_expert_fc/APIs_project/internal/entity/product.go:61.18,63.3 1 0
github.com/bruno-holanda15/go_expert_fc/APIs_project/internal/entity/product.go:65.2,65.17 1 1
github.com/bruno-holanda15/go_expert_fc/APIs_project/internal/entity/product.go:65.17,67.3 1 0
github.com/bruno-holanda15/go_expert_fc/APIs_project/internal/entity/product.go:69.2,69.12 1 1
github.com/bruno-holanda15/go_expert_fc/APIs_project/internal/entity/user.go:15.59,17.16 2 1
github.com/bruno-holanda15/go_expert_fc/APIs_project/internal/entity/user.go:17.16,19.3 1 0
github.com/bruno-holanda15/go_expert_fc/APIs_project/internal/entity/user.go:21.2,26.8 1 1
github.com/bruno-holanda15/go_expert_fc/APIs_project/internal/entity/user.go:29.55,31.2 1 1
github.com/bruno-holanda15/go_expert_fc/APIs_project/pkg/entity/id.go:7.17,9.2 1 1
github.com/bruno-holanda15/go_expert_fc/APIs_project/pkg/entity/id.go:11.37,13.2 1 1
github.com/bruno-holanda15/go_expert_fc/APIs_project/pkg/entity/id.go:7.17,9.2 1 0
github.com/bruno-holanda15/go_expert_fc/APIs_project/pkg/entity/id.go:11.37,13.2 1 0
github.com/bruno-holanda15/go_expert_fc/APIs_project/internal/infra/database/user_db.go:12.35,16.2 1 1
github.com/bruno-holanda15/go_expert_fc/APIs_project/internal/infra/database/user_db.go:18.48,20.2 1 1
github.com/bruno-holanda15/go_expert_fc/APIs_project/internal/infra/database/user_db.go:22.64,24.74 2 1
github.com/bruno-holanda15/go_expert_fc/APIs_project/internal/infra/database/user_db.go:24.74,26.3 1 0
github.com/bruno-holanda15/go_expert_fc/APIs_project/internal/infra/database/user_db.go:28.2,28.19 1 1
github.com/bruno-holanda15/go_expert_fc/APIs_project/pkg/entity/id.go:7.17,9.2 1 1
github.com/bruno-holanda15/go_expert_fc/APIs_project/pkg/entity/id.go:11.37,13.2 1 0
